{"C:\\Users\\Public\\test\\SisGeps_Mobile\\assets\\delete.png": {"path":"C:\\Users\\Public\\test\\SisGeps_Mobile\\assets\\delete.png","statementMap":{"0":{"start":{"line":1,"column":0},"end":{"line":4,"column":6}}},"fnMap":{},"branchMap":{},"s":{"0":1},"f":{},"b":{},"_coverageSchema":"1a1c01bbd47fc00a2c39e90264f33305004495a9","hash":"2667964c6770dcdea1c6edec79bd77ac4164b08e"}
,"C:\\Users\\Public\\test\\SisGeps_Mobile\\assets\\gerenciamentoEstoque.png": {"path":"C:\\Users\\Public\\test\\SisGeps_Mobile\\assets\\gerenciamentoEstoque.png","statementMap":{"0":{"start":{"line":1,"column":0},"end":{"line":4,"column":6}}},"fnMap":{},"branchMap":{},"s":{"0":1},"f":{},"b":{},"_coverageSchema":"1a1c01bbd47fc00a2c39e90264f33305004495a9","hash":"d2de85a19685cd8f60b02c8c050efd77196f4655"}
,"C:\\Users\\Public\\test\\SisGeps_Mobile\\assets\\logoMarca_SISGEPS.png": {"path":"C:\\Users\\Public\\test\\SisGeps_Mobile\\assets\\logoMarca_SISGEPS.png","statementMap":{"0":{"start":{"line":1,"column":0},"end":{"line":4,"column":6}}},"fnMap":{},"branchMap":{},"s":{"0":2},"f":{},"b":{},"_coverageSchema":"1a1c01bbd47fc00a2c39e90264f33305004495a9","hash":"1077996fb78133c25983b6a0408f1fb285b45ffe"}
,"C:\\Users\\Public\\test\\SisGeps_Mobile\\pages\\Calculator.js": {"path":"C:\\Users\\Public\\test\\SisGeps_Mobile\\pages\\Calculator.js","statementMap":{"0":{"start":{"line":5,"column":28},"end":{"line":5,"column":40}},"1":{"start":{"line":6,"column":30},"end":{"line":6,"column":42}},"2":{"start":{"line":8,"column":22},"end":{"line":10,"column":3}},"3":{"start":{"line":9,"column":4},"end":{"line":9,"column":45}},"4":{"start":{"line":9,"column":26},"end":{"line":9,"column":43}},"5":{"start":{"line":12,"column":20},"end":{"line":24,"column":3}},"6":{"start":{"line":13,"column":4},"end":{"line":23,"column":5}},"7":{"start":{"line":15,"column":21},"end":{"line":15,"column":32}},"8":{"start":{"line":16,"column":6},"end":{"line":20,"column":9}},"9":{"start":{"line":17,"column":8},"end":{"line":17,"column":27}},"10":{"start":{"line":19,"column":8},"end":{"line":19,"column":37}},"11":{"start":{"line":22,"column":6},"end":{"line":22,"column":25}},"12":{"start":{"line":26,"column":22},"end":{"line":29,"column":3}},"13":{"start":{"line":27,"column":4},"end":{"line":27,"column":17}},"14":{"start":{"line":28,"column":4},"end":{"line":28,"column":18}},"15":{"start":{"line":31,"column":2},"end":{"line":90,"column":4}},"16":{"start":{"line":43,"column":63},"end":{"line":43,"column":77}},"17":{"start":{"line":46,"column":63},"end":{"line":46,"column":77}},"18":{"start":{"line":49,"column":63},"end":{"line":49,"column":77}},"19":{"start":{"line":52,"column":63},"end":{"line":52,"column":79}},"20":{"start":{"line":55,"column":63},"end":{"line":55,"column":77}},"21":{"start":{"line":58,"column":63},"end":{"line":58,"column":77}},"22":{"start":{"line":61,"column":63},"end":{"line":61,"column":77}},"23":{"start":{"line":64,"column":63},"end":{"line":64,"column":79}},"24":{"start":{"line":67,"column":63},"end":{"line":67,"column":77}},"25":{"start":{"line":70,"column":63},"end":{"line":70,"column":77}},"26":{"start":{"line":73,"column":63},"end":{"line":73,"column":77}},"27":{"start":{"line":76,"column":63},"end":{"line":76,"column":79}},"28":{"start":{"line":79,"column":63},"end":{"line":79,"column":77}},"29":{"start":{"line":85,"column":63},"end":{"line":85,"column":79}},"30":{"start":{"line":93,"column":15},"end":{"line":147,"column":2}}},"fnMap":{"0":{"name":"Calculator","decl":{"start":{"line":4,"column":24},"end":{"line":4,"column":34}},"loc":{"start":{"line":4,"column":37},"end":{"line":91,"column":1}},"line":4},"1":{"name":"(anonymous_1)","decl":{"start":{"line":8,"column":22},"end":{"line":8,"column":23}},"loc":{"start":{"line":8,"column":33},"end":{"line":10,"column":3}},"line":8},"2":{"name":"(anonymous_2)","decl":{"start":{"line":9,"column":13},"end":{"line":9,"column":14}},"loc":{"start":{"line":9,"column":26},"end":{"line":9,"column":43}},"line":9},"3":{"name":"(anonymous_3)","decl":{"start":{"line":12,"column":20},"end":{"line":12,"column":21}},"loc":{"start":{"line":12,"column":26},"end":{"line":24,"column":3}},"line":12},"4":{"name":"(anonymous_4)","decl":{"start":{"line":26,"column":22},"end":{"line":26,"column":23}},"loc":{"start":{"line":26,"column":28},"end":{"line":29,"column":3}},"line":26},"5":{"name":"(anonymous_5)","decl":{"start":{"line":43,"column":57},"end":{"line":43,"column":58}},"loc":{"start":{"line":43,"column":63},"end":{"line":43,"column":77}},"line":43},"6":{"name":"(anonymous_6)","decl":{"start":{"line":46,"column":57},"end":{"line":46,"column":58}},"loc":{"start":{"line":46,"column":63},"end":{"line":46,"column":77}},"line":46},"7":{"name":"(anonymous_7)","decl":{"start":{"line":49,"column":57},"end":{"line":49,"column":58}},"loc":{"start":{"line":49,"column":63},"end":{"line":49,"column":77}},"line":49},"8":{"name":"(anonymous_8)","decl":{"start":{"line":52,"column":57},"end":{"line":52,"column":58}},"loc":{"start":{"line":52,"column":63},"end":{"line":52,"column":79}},"line":52},"9":{"name":"(anonymous_9)","decl":{"start":{"line":55,"column":57},"end":{"line":55,"column":58}},"loc":{"start":{"line":55,"column":63},"end":{"line":55,"column":77}},"line":55},"10":{"name":"(anonymous_10)","decl":{"start":{"line":58,"column":57},"end":{"line":58,"column":58}},"loc":{"start":{"line":58,"column":63},"end":{"line":58,"column":77}},"line":58},"11":{"name":"(anonymous_11)","decl":{"start":{"line":61,"column":57},"end":{"line":61,"column":58}},"loc":{"start":{"line":61,"column":63},"end":{"line":61,"column":77}},"line":61},"12":{"name":"(anonymous_12)","decl":{"start":{"line":64,"column":57},"end":{"line":64,"column":58}},"loc":{"start":{"line":64,"column":63},"end":{"line":64,"column":79}},"line":64},"13":{"name":"(anonymous_13)","decl":{"start":{"line":67,"column":57},"end":{"line":67,"column":58}},"loc":{"start":{"line":67,"column":63},"end":{"line":67,"column":77}},"line":67},"14":{"name":"(anonymous_14)","decl":{"start":{"line":70,"column":57},"end":{"line":70,"column":58}},"loc":{"start":{"line":70,"column":63},"end":{"line":70,"column":77}},"line":70},"15":{"name":"(anonymous_15)","decl":{"start":{"line":73,"column":57},"end":{"line":73,"column":58}},"loc":{"start":{"line":73,"column":63},"end":{"line":73,"column":77}},"line":73},"16":{"name":"(anonymous_16)","decl":{"start":{"line":76,"column":57},"end":{"line":76,"column":58}},"loc":{"start":{"line":76,"column":63},"end":{"line":76,"column":79}},"line":76},"17":{"name":"(anonymous_17)","decl":{"start":{"line":79,"column":57},"end":{"line":79,"column":58}},"loc":{"start":{"line":79,"column":63},"end":{"line":79,"column":77}},"line":79},"18":{"name":"(anonymous_18)","decl":{"start":{"line":85,"column":57},"end":{"line":85,"column":58}},"loc":{"start":{"line":85,"column":63},"end":{"line":85,"column":79}},"line":85}},"branchMap":{"0":{"loc":{"start":{"line":16,"column":6},"end":{"line":20,"column":9}},"type":"if","locations":[{"start":{"line":16,"column":6},"end":{"line":20,"column":9}},{"start":{"line":18,"column":13},"end":{"line":20,"column":9}}],"line":16},"1":{"loc":{"start":{"line":16,"column":10},"end":{"line":16,"column":53}},"type":"binary-expr","locations":[{"start":{"line":16,"column":10},"end":{"line":16,"column":29}},{"start":{"line":16,"column":33},"end":{"line":16,"column":53}}],"line":16},"2":{"loc":{"start":{"line":39,"column":62},"end":{"line":39,"column":82}},"type":"binary-expr","locations":[{"start":{"line":39,"column":62},"end":{"line":39,"column":68}},{"start":{"line":39,"column":72},"end":{"line":39,"column":77}},{"start":{"line":39,"column":81},"end":{"line":39,"column":82}}],"line":39}},"s":{"0":19,"1":19,"2":19,"3":10,"4":10,"5":19,"6":3,"7":3,"8":3,"9":1,"10":2,"11":0,"12":19,"13":1,"14":1,"15":19,"16":2,"17":0,"18":2,"19":1,"20":0,"21":0,"22":0,"23":1,"24":2,"25":0,"26":0,"27":0,"28":1,"29":1,"30":1},"f":{"0":19,"1":10,"2":10,"3":3,"4":1,"5":2,"6":0,"7":2,"8":1,"9":0,"10":0,"11":0,"12":1,"13":2,"14":0,"15":0,"16":0,"17":1,"18":1},"b":{"0":[1,2],"1":[3,2],"2":[19,16,6]},"_coverageSchema":"1a1c01bbd47fc00a2c39e90264f33305004495a9","hash":"f69162e17a2f858994e5ac966eea8c5b9dfcf2fc"}
,"C:\\Users\\Public\\test\\SisGeps_Mobile\\pages\\Home.js": {"path":"C:\\Users\\Public\\test\\SisGeps_Mobile\\pages\\Home.js","statementMap":{"0":{"start":{"line":6,"column":2},"end":{"line":39,"column":3}},"1":{"start":{"line":26,"column":80},"end":{"line":26,"column":117}},"2":{"start":{"line":42,"column":15},"end":{"line":111,"column":2}}},"fnMap":{"0":{"name":"Home","decl":{"start":{"line":5,"column":24},"end":{"line":5,"column":28}},"loc":{"start":{"line":5,"column":42},"end":{"line":40,"column":1}},"line":5},"1":{"name":"(anonymous_1)","decl":{"start":{"line":26,"column":75},"end":{"line":26,"column":76}},"loc":{"start":{"line":26,"column":79},"end":{"line":26,"column":118}},"line":26}},"branchMap":{},"s":{"0":3,"1":1,"2":1},"f":{"0":3,"1":1},"b":{},"_coverageSchema":"1a1c01bbd47fc00a2c39e90264f33305004495a9","hash":"979a18f2565f23ac783607a3f7c3d4164609c43f"}
,"C:\\Users\\Public\\test\\SisGeps_Mobile\\pages\\Shortly.js": {"path":"C:\\Users\\Public\\test\\SisGeps_Mobile\\pages\\Shortly.js","statementMap":{"0":{"start":{"line":7,"column":26},"end":{"line":7,"column":38}},"1":{"start":{"line":9,"column":2},"end":{"line":17,"column":9}},"2":{"start":{"line":10,"column":22},"end":{"line":14,"column":5}},"3":{"start":{"line":11,"column":20},"end":{"line":11,"column":54}},"4":{"start":{"line":12,"column":6},"end":{"line":13,"column":28}},"5":{"start":{"line":12,"column":25},"end":{"line":12,"column":40}},"6":{"start":{"line":13,"column":11},"end":{"line":13,"column":28}},"7":{"start":{"line":16,"column":4},"end":{"line":16,"column":16}},"8":{"start":{"line":19,"column":2},"end":{"line":28,"column":4}},"9":{"start":{"line":31,"column":15},"end":{"line":58,"column":2}}},"fnMap":{"0":{"name":"Shortly","decl":{"start":{"line":6,"column":24},"end":{"line":6,"column":31}},"loc":{"start":{"line":6,"column":33},"end":{"line":29,"column":1}},"line":6},"1":{"name":"(anonymous_1)","decl":{"start":{"line":9,"column":12},"end":{"line":9,"column":13}},"loc":{"start":{"line":9,"column":18},"end":{"line":17,"column":3}},"line":9},"2":{"name":"(anonymous_2)","decl":{"start":{"line":10,"column":22},"end":{"line":10,"column":23}},"loc":{"start":{"line":10,"column":34},"end":{"line":14,"column":5}},"line":10}},"branchMap":{"0":{"loc":{"start":{"line":12,"column":6},"end":{"line":13,"column":28}},"type":"if","locations":[{"start":{"line":12,"column":6},"end":{"line":13,"column":28}},{"start":{"line":13,"column":11},"end":{"line":13,"column":28}}],"line":12}},"s":{"0":4,"1":4,"2":2,"3":2,"4":2,"5":2,"6":0,"7":2,"8":4,"9":1},"f":{"0":4,"1":2,"2":2},"b":{"0":[2,0]},"_coverageSchema":"1a1c01bbd47fc00a2c39e90264f33305004495a9","hash":"d4b47989eba2647ba192a9507c4be391f6c61534"}
}
