TN:
SF:assets\delete.png
FNF:0
FNH:0
DA:1,1
LF:1
LH:1
BRF:0
BRH:0
end_of_record
TN:
SF:assets\gerenciamentoEstoque.png
FNF:0
FNH:0
DA:1,1
LF:1
LH:1
BRF:0
BRH:0
end_of_record
TN:
SF:assets\logoMarca_SISGEPS.png
FNF:0
FNH:0
DA:1,2
LF:1
LH:1
BRF:0
BRH:0
end_of_record
TN:
SF:pages\Calculator.js
FN:4,Calculator
FN:8,(anonymous_1)
FN:9,(anonymous_2)
FN:12,(anonymous_3)
FN:26,(anonymous_4)
FN:43,(anonymous_5)
FN:46,(anonymous_6)
FN:49,(anonymous_7)
FN:52,(anonymous_8)
FN:55,(anonymous_9)
FN:58,(anonymous_10)
FN:61,(anonymous_11)
FN:64,(anonymous_12)
FN:67,(anonymous_13)
FN:70,(anonymous_14)
FN:73,(anonymous_15)
FN:76,(anonymous_16)
FN:79,(anonymous_17)
FN:85,(anonymous_18)
FNF:19
FNH:12
FNDA:19,Calculator
FNDA:10,(anonymous_1)
FNDA:10,(anonymous_2)
FNDA:3,(anonymous_3)
FNDA:1,(anonymous_4)
FNDA:2,(anonymous_5)
FNDA:0,(anonymous_6)
FNDA:2,(anonymous_7)
FNDA:1,(anonymous_8)
FNDA:0,(anonymous_9)
FNDA:0,(anonymous_10)
FNDA:0,(anonymous_11)
FNDA:1,(anonymous_12)
FNDA:2,(anonymous_13)
FNDA:0,(anonymous_14)
FNDA:0,(anonymous_15)
FNDA:0,(anonymous_16)
FNDA:1,(anonymous_17)
FNDA:1,(anonymous_18)
DA:5,19
DA:6,19
DA:8,19
DA:9,10
DA:12,19
DA:13,3
DA:15,3
DA:16,3
DA:17,1
DA:19,2
DA:22,0
DA:26,19
DA:27,1
DA:28,1
DA:31,19
DA:43,2
DA:46,0
DA:49,2
DA:52,1
DA:55,0
DA:58,0
DA:61,0
DA:64,1
DA:67,2
DA:70,0
DA:73,0
DA:76,0
DA:79,1
DA:85,1
DA:93,1
LF:30
LH:22
BRDA:16,0,0,1
BRDA:16,0,1,2
BRDA:16,1,0,3
BRDA:16,1,1,2
BRDA:39,2,0,19
BRDA:39,2,1,16
BRDA:39,2,2,6
BRF:7
BRH:7
end_of_record
TN:
SF:pages\Home.js
FN:5,Home
FN:26,(anonymous_1)
FNF:2
FNH:2
FNDA:3,Home
FNDA:1,(anonymous_1)
DA:6,3
DA:26,1
DA:42,1
LF:3
LH:3
BRF:0
BRH:0
end_of_record
TN:
SF:pages\Shortly.js
FN:6,Shortly
FN:9,(anonymous_1)
FN:10,(anonymous_2)
FNF:3
FNH:3
FNDA:4,Shortly
FNDA:2,(anonymous_1)
FNDA:2,(anonymous_2)
DA:7,4
DA:9,4
DA:10,2
DA:11,2
DA:12,2
DA:13,0
DA:16,2
DA:19,4
DA:31,1
LF:9
LH:8
BRDA:12,0,0,2
BRDA:12,0,1,0
BRF:2
BRH:1
end_of_record
